<?xml version="1.0" encoding="UTF-8"?>
<!-- Generated by org.testng.reporters.JUnitXMLReporter -->
<testsuite ignored="0" hostname="CIT021868" failures="0" tests="5" name="selenium-java-docker" time="35.9" errors="0" timestamp="2020-12-18T11:34:58 BRT">
  <testcase classname="com.tests.podiun.HomeTest" name="verifyHomePage" time="0.412"/>
  <testcase classname="com.tests.podiun.HomeTest" name="verifySubMenuDisplayed" time="1.164"/>
  <testcase classname="com.tests.podiun.HomeTest" name="verifySubMenuReviewLink" time="5.967"/>
  <testcase classname="com.tests.podiun.LoginTest" name="verifyMandatoryEmail" time="0.569"/>
  <testcase classname="com.tests.podiun.LoginTest" name="verifyPassowrdField" time="3.368"/>
</testsuite> <!-- selenium-java-docker -->
