<?xml version="1.0" encoding="UTF-8"?>
<testng-results ignored="0" total="5" passed="5" failed="0" skipped="0">
  <reporter-output>
    <line>
      <![CDATA[Verifying Home Page]]>
    </line>
    <line>
      <![CDATA[Verifying SubMenu displayed]]>
    </line>
    <line>
      <![CDATA[Verifying SubMenu ReviewsLink]]>
    </line>
    <line>
      <![CDATA[Testing Login page]]>
    </line>
    <line>
      <![CDATA[Verifying Mandatory Email feature]]>
    </line>
    <line>
      <![CDATA[Verifying Password Field]]>
    </line>
  </reporter-output>
  <suite started-at="2020-12-18T11:34:22 BRT" name="Default Suite" finished-at="2020-12-18T11:34:58 BRT" duration-ms="35900">
    <groups>
    </groups>
    <test started-at="2020-12-18T11:34:22 BRT" name="selenium-java-docker" finished-at="2020-12-18T11:34:58 BRT" duration-ms="35900">
      <class name="com.tests.podiun.HomeTest">
        <test-method is-config="true" signature="beforeAll()[pri:0, instance:com.tests.podiun.HomeTest@6069db50]" started-at="2020-12-18T11:34:22 BRT" name="beforeAll" finished-at="2020-12-18T11:34:22 BRT" duration-ms="14" status="PASS">
          <reporter-output>
            <line>
              <![CDATA[Verifying Home Page]]>
            </line>
          </reporter-output>
        </test-method> <!-- beforeAll -->
        <test-method is-config="true" signature="setup()[pri:0, instance:com.tests.podiun.HomeTest@6069db50]" started-at="2020-12-18T11:34:22 BRT" name="setup" finished-at="2020-12-18T11:34:27 BRT" duration-ms="5206" status="PASS">
          <reporter-output>
          </reporter-output>
        </test-method> <!-- setup -->
        <test-method signature="verifyHomePage()[pri:0, instance:com.tests.podiun.HomeTest@6069db50]" started-at="2020-12-18T11:34:27 BRT" name="verifyHomePage" description="Verifying Home Page components" finished-at="2020-12-18T11:34:27 BRT" duration-ms="412" status="PASS">
          <reporter-output>
          </reporter-output>
        </test-method> <!-- verifyHomePage -->
        <test-method is-config="true" signature="tearDown()[pri:0, instance:com.tests.podiun.HomeTest@6069db50]" started-at="2020-12-18T11:34:27 BRT" name="tearDown" finished-at="2020-12-18T11:34:28 BRT" duration-ms="616" status="PASS">
          <reporter-output>
          </reporter-output>
        </test-method> <!-- tearDown -->
        <test-method is-config="true" signature="setup()[pri:0, instance:com.tests.podiun.HomeTest@6069db50]" started-at="2020-12-18T11:34:28 BRT" name="setup" finished-at="2020-12-18T11:34:33 BRT" duration-ms="4511" status="PASS">
          <reporter-output>
          </reporter-output>
        </test-method> <!-- setup -->
        <test-method signature="verifySubMenuDisplayed()[pri:0, instance:com.tests.podiun.HomeTest@6069db50]" started-at="2020-12-18T11:34:33 BRT" name="verifySubMenuDisplayed" description="Verifying SubMenu displayed" finished-at="2020-12-18T11:34:34 BRT" duration-ms="1164" status="PASS">
          <reporter-output>
            <line>
              <![CDATA[Verifying SubMenu displayed]]>
            </line>
          </reporter-output>
        </test-method> <!-- verifySubMenuDisplayed -->
        <test-method is-config="true" signature="tearDown()[pri:0, instance:com.tests.podiun.HomeTest@6069db50]" started-at="2020-12-18T11:34:34 BRT" name="tearDown" finished-at="2020-12-18T11:34:34 BRT" duration-ms="437" status="PASS">
          <reporter-output>
          </reporter-output>
        </test-method> <!-- tearDown -->
        <test-method is-config="true" signature="setup()[pri:0, instance:com.tests.podiun.HomeTest@6069db50]" started-at="2020-12-18T11:34:34 BRT" name="setup" finished-at="2020-12-18T11:34:39 BRT" duration-ms="4506" status="PASS">
          <reporter-output>
          </reporter-output>
        </test-method> <!-- setup -->
        <test-method signature="verifySubMenuReviewLink()[pri:0, instance:com.tests.podiun.HomeTest@6069db50]" started-at="2020-12-18T11:34:39 BRT" name="verifySubMenuReviewLink" description="Verifying SubMenu ReviewsLink" finished-at="2020-12-18T11:34:45 BRT" duration-ms="5967" status="PASS">
          <reporter-output>
            <line>
              <![CDATA[Verifying SubMenu ReviewsLink]]>
            </line>
          </reporter-output>
        </test-method> <!-- verifySubMenuReviewLink -->
        <test-method is-config="true" signature="tearDown()[pri:0, instance:com.tests.podiun.HomeTest@6069db50]" started-at="2020-12-18T11:34:45 BRT" name="tearDown" finished-at="2020-12-18T11:34:45 BRT" duration-ms="399" status="PASS">
          <reporter-output>
          </reporter-output>
        </test-method> <!-- tearDown -->
      </class> <!-- com.tests.podiun.HomeTest -->
      <class name="com.tests.podiun.LoginTest">
        <test-method is-config="true" signature="beforeAll()[pri:0, instance:com.tests.podiun.LoginTest@4efbca5a]" started-at="2020-12-18T11:34:45 BRT" name="beforeAll" finished-at="2020-12-18T11:34:45 BRT" duration-ms="1" status="PASS">
          <reporter-output>
            <line>
              <![CDATA[Testing Login page]]>
            </line>
          </reporter-output>
        </test-method> <!-- beforeAll -->
        <test-method is-config="true" signature="setup()[pri:0, instance:com.tests.podiun.LoginTest@4efbca5a]" started-at="2020-12-18T11:34:45 BRT" name="setup" finished-at="2020-12-18T11:34:49 BRT" duration-ms="3732" status="PASS">
          <reporter-output>
          </reporter-output>
        </test-method> <!-- setup -->
        <test-method signature="verifyMandatoryEmail()[pri:0, instance:com.tests.podiun.LoginTest@4efbca5a]" started-at="2020-12-18T11:34:49 BRT" name="verifyMandatoryEmail" description="Mandatory Email feature" finished-at="2020-12-18T11:34:49 BRT" duration-ms="569" status="PASS">
          <reporter-output>
            <line>
              <![CDATA[Verifying Mandatory Email feature]]>
            </line>
          </reporter-output>
        </test-method> <!-- verifyMandatoryEmail -->
        <test-method is-config="true" signature="tearDown()[pri:0, instance:com.tests.podiun.LoginTest@4efbca5a]" started-at="2020-12-18T11:34:49 BRT" name="tearDown" finished-at="2020-12-18T11:34:50 BRT" duration-ms="346" status="PASS">
          <reporter-output>
          </reporter-output>
        </test-method> <!-- tearDown -->
        <test-method is-config="true" signature="setup()[pri:0, instance:com.tests.podiun.LoginTest@4efbca5a]" started-at="2020-12-18T11:34:50 BRT" name="setup" finished-at="2020-12-18T11:34:54 BRT" duration-ms="3998" status="PASS">
          <reporter-output>
          </reporter-output>
        </test-method> <!-- setup -->
        <test-method signature="verifyPassowrdField()[pri:0, instance:com.tests.podiun.LoginTest@4efbca5a]" started-at="2020-12-18T11:34:54 BRT" name="verifyPassowrdField" finished-at="2020-12-18T11:34:57 BRT" duration-ms="3368" status="PASS">
          <reporter-output>
            <line>
              <![CDATA[Verifying Password Field]]>
            </line>
          </reporter-output>
        </test-method> <!-- verifyPassowrdField -->
        <test-method is-config="true" signature="tearDown()[pri:0, instance:com.tests.podiun.LoginTest@4efbca5a]" started-at="2020-12-18T11:34:57 BRT" name="tearDown" finished-at="2020-12-18T11:34:58 BRT" duration-ms="591" status="PASS">
          <reporter-output>
          </reporter-output>
        </test-method> <!-- tearDown -->
      </class> <!-- com.tests.podiun.LoginTest -->
    </test> <!-- selenium-java-docker -->
  </suite> <!-- Default Suite -->
</testng-results>
